> Task :buildSrc:extractPluginRequests
> Task :buildSrc:generatePluginAdapters
> Task :buildSrc:compileJava
> Task :buildSrc:compileGroovy NO-SOURCE
> Task :buildSrc:compileGroovyPlugins
> Task :buildSrc:pluginDescriptors
> Task :buildSrc:processResources
> Task :buildSrc:classes
> Task :buildSrc:jar

> Task :common:compileJava
Note: Some input files use unchecked or unsafe operations.
Note: Recompile with -Xlint:unchecked for details.

> Task :common:processResources
> Task :common:classes
> Task :common:jar
> Task :admin:compileJava
> Task :admin:processResources
> Task :admin:classes
> Task :admin:resolveMainClassName

> Task :admin:bootRun

  .   ____          _            __ _ _
 /\\ / ___'_ __ _ _(_)_ __  __ _ \ \ \ \
( ( )\___ | '_ | '_| | '_ \/ _` | \ \ \ \
 \\/  ___)| |_)| | | | | || (_| |  ) ) ) )
  '  |____| .__|_| |_|_| |_\__, | / / / /
 =========|_|==============|___/=/_/_/_/
[32m :: Spring Boot :: [39m              [2m (v3.0.1)[0;39m

[2m2024-02-01T13:05:43.302-08:00[0;39m [32m INFO[0;39m [35m67493[0;39m [2m---[0;39m [2m[  restartedMain][0;39m [36mcom.rumpus.App                          [0;39m [2m:[0;39m Starting App using Java 17.0.5 with PID 67493 (/Users/charlesthomas/Projects/Rumpus/admin/build/classes/java/main started by charlesthomas in /Users/charlesthomas/Projects/Rumpus/admin)
[2m2024-02-01T13:05:43.305-08:00[0;39m [32m INFO[0;39m [35m67493[0;39m [2m---[0;39m [2m[  restartedMain][0;39m [36mcom.rumpus.App                          [0;39m [2m:[0;39m No active profile set, falling back to 1 default profile: "default"
[2m2024-02-01T13:05:43.344-08:00[0;39m [32m INFO[0;39m [35m67493[0;39m [2m---[0;39m [2m[  restartedMain][0;39m [36m.e.DevToolsPropertyDefaultsPostProcessor[0;39m [2m:[0;39m Devtools property defaults active! Set 'spring.devtools.add-properties' to 'false' to disable
[2m2024-02-01T13:05:43.345-08:00[0;39m [32m INFO[0;39m [35m67493[0;39m [2m---[0;39m [2m[  restartedMain][0;39m [36m.e.DevToolsPropertyDefaultsPostProcessor[0;39m [2m:[0;39m For additional web related logging consider setting the 'logging.level.web' property to 'DEBUG'
[2m2024-02-01T13:05:44.029-08:00[0;39m [33m WARN[0;39m [35m67493[0;39m [2m---[0;39m [2m[  restartedMain][0;39m [36mocalVariableTableParameterNameDiscoverer[0;39m [2m:[0;39m Using deprecated '-debug' fallback for parameter name resolution. Compile the affected code with '-parameters' instead or avoid its introspection: org.springframework.session.config.annotation.web.http.SpringHttpSessionConfiguration
[2m2024-02-01T13:05:45.111-08:00[0;39m [32m INFO[0;39m [35m67493[0;39m [2m---[0;39m [2m[  restartedMain][0;39m [36mo.s.b.w.embedded.tomcat.TomcatWebServer [0;39m [2m:[0;39m Tomcat initialized with port(s): 8082 (http)
[2m2024-02-01T13:05:45.120-08:00[0;39m [32m INFO[0;39m [35m67493[0;39m [2m---[0;39m [2m[  restartedMain][0;39m [36mo.apache.catalina.core.StandardService  [0;39m [2m:[0;39m Starting service [Tomcat]
[2m2024-02-01T13:05:45.120-08:00[0;39m [32m INFO[0;39m [35m67493[0;39m [2m---[0;39m [2m[  restartedMain][0;39m [36mo.apache.catalina.core.StandardEngine   [0;39m [2m:[0;39m Starting Servlet engine: [Apache Tomcat/10.1.4]
[2m2024-02-01T13:05:45.169-08:00[0;39m [32m INFO[0;39m [35m67493[0;39m [2m---[0;39m [2m[  restartedMain][0;39m [36mo.a.c.c.C.[Tomcat].[localhost].[/]      [0;39m [2m:[0;39m Initializing Spring embedded WebApplicationContext
[2m2024-02-01T13:05:45.170-08:00[0;39m [32m INFO[0;39m [35m67493[0;39m [2m---[0;39m [2m[  restartedMain][0;39m [36mw.s.c.ServletWebServerApplicationContext[0;39m [2m:[0;39m Root WebApplicationContext: initialization completed in 1824 ms
[2m2024-02-01T13:05:45.186-08:00[0;39m [32m INFO[0;39m [35m67493[0;39m [2m---[0;39m [2m[  restartedMain][0;39m [36mf.a.AutowiredAnnotationBeanPostProcessor[0;39m [2m:[0;39m Autowired annotation is not supported on static fields: protected static org.springframework.context.ApplicationContext com.rumpus.common.Config.AbstractCommonConfig.applicationContext
[2m2024-02-01T13:05:45.616-08:00[0;39m [32m INFO[0;39m [35m67493[0;39m [2m---[0;39m [2m[  restartedMain][0;39m [36mo.s.s.p.JdbcUserDetailsManager          [0;39m [2m:[0;39m No authentication manager set. Reauthentication of users when changing passwords will not be performed.
[2m2024-02-01T13:05:45.924-08:00[0;39m [32m INFO[0;39m [35m67493[0;39m [2m---[0;39m [2m[  restartedMain][0;39m [36mo.s.b.a.e.web.EndpointLinksResolver     [0;39m [2m:[0;39m Exposing 15 endpoint(s) beneath base path '/actuator'
[2m2024-02-01T13:05:45.938-08:00[0;39m [32m INFO[0;39m [35m67493[0;39m [2m---[0;39m [2m[  restartedMain][0;39m [36mo.s.s.web.DefaultSecurityFilterChain    [0;39m [2m:[0;39m Will secure any request with [org.springframework.security.web.session.DisableEncodeUrlFilter@76967c45, org.springframework.security.web.context.request.async.WebAsyncManagerIntegrationFilter@7478c750, org.springframework.security.web.context.SecurityContextHolderFilter@1686c2db, org.springframework.security.web.header.HeaderWriterFilter@124f0bf4, org.springframework.web.filter.CorsFilter@71627e5d, org.springframework.security.web.authentication.logout.LogoutFilter@36db9106, org.springframework.security.web.savedrequest.RequestCacheAwareFilter@4fe3311d, org.springframework.security.web.servletapi.SecurityContextHolderAwareRequestFilter@3e53e086, org.springframework.security.web.authentication.AnonymousAuthenticationFilter@30286efb, org.springframework.security.web.access.ExceptionTranslationFilter@5d24a4d9, org.springframework.security.web.access.intercept.AuthorizationFilter@7a0a99e]
[2m2024-02-01T13:05:45.942-08:00[0;39m [33m WARN[0;39m [35m67493[0;39m [2m---[0;39m [2m[  restartedMain][0;39m [36mo.s.s.c.a.web.builders.WebSecurity      [0;39m [2m:[0;39m You are asking Spring Security to ignore Mvc [pattern='/resources/**']. This is not recommended -- please use permitAll via HttpSecurity#authorizeHttpRequests instead.
[2m2024-02-01T13:05:45.942-08:00[0;39m [32m INFO[0;39m [35m67493[0;39m [2m---[0;39m [2m[  restartedMain][0;39m [36mo.s.s.web.DefaultSecurityFilterChain    [0;39m [2m:[0;39m Will not secure Mvc [pattern='/resources/**']
[2m2024-02-01T13:05:46.041-08:00[0;39m [33m WARN[0;39m [35m67493[0;39m [2m---[0;39m [2m[  restartedMain][0;39m [36mion$DefaultTemplateResolverConfiguration[0;39m [2m:[0;39m Cannot find template location: classpath:/templates/ (please add some templates, check your Thymeleaf configuration, or set spring.thymeleaf.check-template-location=false)
[2m2024-02-01T13:05:46.686-08:00[0;39m [33m WARN[0;39m [35m67493[0;39m [2m---[0;39m [2m[  restartedMain][0;39m [36mo.s.b.d.a.OptionalLiveReloadServer      [0;39m [2m:[0;39m Unable to start LiveReload server
[2m2024-02-01T13:05:46.722-08:00[0;39m [32m INFO[0;39m [35m67493[0;39m [2m---[0;39m [2m[  restartedMain][0;39m [36mo.s.b.w.embedded.tomcat.TomcatWebServer [0;39m [2m:[0;39m Tomcat started on port(s): 8082 (http) with context path ''
[2m2024-02-01T13:05:46.739-08:00[0;39m [32m INFO[0;39m [35m67493[0;39m [2m---[0;39m [2m[  restartedMain][0;39m [36mcom.rumpus.App                          [0;39m [2m:[0;39m Started App in 3.785 seconds (process running for 4.163)
[2m2024-02-01T13:05:46.884-08:00[0;39m [32m INFO[0;39m [35m67493[0;39m [2m---[0;39m [2m[nio-8082-exec-1][0;39m [36mo.a.c.c.C.[Tomcat].[localhost].[/]      [0;39m [2m:[0;39m Initializing Spring DispatcherServlet 'dispatcherServlet'
[2m2024-02-01T13:05:46.884-08:00[0;39m [32m INFO[0;39m [35m67493[0;39m [2m---[0;39m [2m[nio-8082-exec-1][0;39m [36mo.s.web.servlet.DispatcherServlet       [0;39m [2m:[0;39m Initializing Servlet 'dispatcherServlet'
[2m2024-02-01T13:05:46.885-08:00[0;39m [32m INFO[0;39m [35m67493[0;39m [2m---[0;39m [2m[nio-8082-exec-1][0;39m [36mo.s.web.servlet.DispatcherServlet       [0;39m [2m:[0;39m Completed initialization in 1 ms
[2m2024-02-01T13:05:47.086-08:00[0;39m [32m INFO[0;39m [35m67493[0;39m [2m---[0;39m [2m[gistrationTask1][0;39m [36md.c.b.a.c.r.ApplicationRegistrator      [0;39m [2m:[0;39m Application registered itself as d1097339c326
